<?xml version="1.0" encoding="UTF-8"?>
<testng-results ignored="0" total="1" passed="1" failed="0" skipped="0">
  <reporter-output>
  </reporter-output>
  <suite started-at="2025-09-22T23:25:34 IST" name="Default suite" finished-at="2025-09-22T23:25:57 IST" duration-ms="23234">
    <groups>
    </groups>
    <test started-at="2025-09-22T23:25:34 IST" name="Default test" finished-at="2025-09-22T23:25:57 IST" duration-ms="23234">
      <class name="CheckoutFunction_DemoWebShop.billingAddressCheckoutScript">
        <test-method is-config="true" signature="setUp()[pri:0, instance:CheckoutFunction_DemoWebShop.billingAddressCheckoutScript@5c671d7f]" started-at="2025-09-22T23:25:34 IST" name="setUp" finished-at="2025-09-22T23:25:53 IST" duration-ms="19487" status="PASS">
          <reporter-output>
          </reporter-output>
        </test-method> <!-- setUp -->
        <test-method is-config="true" signature="fieldClear()[pri:0, instance:CheckoutFunction_DemoWebShop.billingAddressCheckoutScript@5c671d7f]" started-at="2025-09-22T23:25:53 IST" name="fieldClear" finished-at="2025-09-22T23:25:54 IST" duration-ms="444" status="PASS">
          <reporter-output>
          </reporter-output>
        </test-method> <!-- fieldClear -->
        <test-method signature="firstNameEmpty()[pri:0, instance:CheckoutFunction_DemoWebShop.billingAddressCheckoutScript@5c671d7f]" started-at="2025-09-22T23:25:54 IST" name="firstNameEmpty" finished-at="2025-09-22T23:25:57 IST" duration-ms="2910" status="PASS">
          <reporter-output>
          </reporter-output>
        </test-method> <!-- firstNameEmpty -->
        <test-method is-config="true" signature="close()[pri:0, instance:CheckoutFunction_DemoWebShop.billingAddressCheckoutScript@5c671d7f]" started-at="2025-09-22T23:25:57 IST" name="close" finished-at="2025-09-22T23:25:57 IST" duration-ms="320" status="PASS">
          <reporter-output>
          </reporter-output>
        </test-method> <!-- close -->
      </class> <!-- CheckoutFunction_DemoWebShop.billingAddressCheckoutScript -->
    </test> <!-- Default test -->
  </suite> <!-- Default suite -->
</testng-results>
