<?xml version="1.0" encoding="UTF-8"?>
<testng-results ignored="0" total="0" passed="0" failed="0" skipped="0">
  <reporter-output>
  </reporter-output>
  <suite started-at="2025-09-18T23:24:06 IST" name="SuiteWebdemoShop" finished-at="2025-09-18T23:24:21 IST" duration-ms="15518">
    <groups>
    </groups>
    <test started-at="2025-09-18T23:24:06 IST" name="TestRegistration" finished-at="2025-09-18T23:24:21 IST" duration-ms="15518">
      <class name="CheckoutFunction_DemoWebShop.checkoutScript">
        <test-method is-config="true" signature="setUp()[pri:0, instance:CheckoutFunction_DemoWebShop.checkoutScript@ae13544]" started-at="2025-09-18T23:24:06 IST" name="setUp" finished-at="2025-09-18T23:24:21 IST" duration-ms="15492" status="PASS">
          <reporter-output>
          </reporter-output>
        </test-method> <!-- setUp -->
      </class> <!-- CheckoutFunction_DemoWebShop.checkoutScript -->
    </test> <!-- TestRegistration -->
  </suite> <!-- SuiteWebdemoShop -->
</testng-results>
